{"level":"error","message":"Attempt 1/3 - @distube/ytdl-core subtitle download failed for lang en: Nội dung phụ đề rỗng từ @distube/ytdl-core.","timestamp":"2025-05-21T05:18:45.538Z"}
{"level":"error","message":"Attempt 2/3 - @distube/ytdl-core subtitle download failed for lang en: Nội dung phụ đề rỗng từ @distube/ytdl-core.","timestamp":"2025-05-21T05:18:50.033Z"}
{"level":"error","message":"Attempt 3/3 - @distube/ytdl-core subtitle download failed for lang en: Nội dung phụ đề rỗng từ @distube/ytdl-core.","timestamp":"2025-05-21T05:18:54.423Z"}
{"level":"error","message":"Attempt 1/3 - youtube-caption-extractor download failed for lang en: Danh sách phụ đề rỗng từ youtube-caption-extractor cho ngôn ngữ en.","timestamp":"2025-05-21T05:18:56.049Z"}
{"level":"error","message":"Attempt 2/3 - youtube-caption-extractor download failed for lang en: Danh sách phụ đề rỗng từ youtube-caption-extractor cho ngôn ngữ en.","timestamp":"2025-05-21T05:18:59.652Z"}
{"level":"error","message":"Attempt 3/3 - youtube-caption-extractor download failed for lang en: Danh sách phụ đề rỗng từ youtube-caption-extractor cho ngôn ngữ en.","timestamp":"2025-05-21T05:19:03.174Z"}
{"level":"error","message":"Attempt 1/3 - yt-dlp-exec subtitle download failed for lang en: Không tìm thấy file phụ đề sau khi tải từ yt-dlp-exec cho ngôn ngữ en.","timestamp":"2025-05-21T05:19:07.628Z"}
{"level":"error","message":"Attempt 2/3 - yt-dlp-exec subtitle download failed for lang en: Không tìm thấy file phụ đề sau khi tải từ yt-dlp-exec cho ngôn ngữ en.","timestamp":"2025-05-21T05:19:18.998Z"}
{"level":"error","message":"Attempt 3/3 - yt-dlp-exec subtitle download failed for lang en: Không tìm thấy file phụ đề sau khi tải từ yt-dlp-exec cho ngôn ngữ en.","timestamp":"2025-05-21T05:19:25.299Z"}
{"level":"error","message":"Attempt 1/3 - Direct YouTube API timedtext download failed for lang en: Request failed with status code 404","timestamp":"2025-05-21T05:19:31.525Z"}
{"level":"error","message":"Attempt 2/3 - Direct YouTube API timedtext download failed for lang en: Request failed with status code 404","timestamp":"2025-05-21T05:19:39.716Z"}
{"level":"error","message":"Attempt 3/3 - Direct YouTube API timedtext download failed for lang en: Request failed with status code 404","timestamp":"2025-05-21T05:19:47.880Z"}
{"level":"error","message":"Attempt 1/3 - pytube download failed for lang en: Command failed: python download_subtitle.py \"https://www.youtube.com/watch?v=MS7iOiHolAw\" \"en\"\nTraceback (most recent call last):\r\n  File \"F:\\downloadvideo\\download_subtitle.py\", line 3, in <module>\r\n    from pytube import YouTube\r\nModuleNotFoundError: No module named 'pytube'\r\n","timestamp":"2025-05-21T05:19:48.096Z"}
{"level":"error","message":"Attempt 2/3 - pytube download failed for lang en: Command failed: python download_subtitle.py \"https://www.youtube.com/watch?v=MS7iOiHolAw\" \"en\"\nTraceback (most recent call last):\r\n  File \"F:\\downloadvideo\\download_subtitle.py\", line 3, in <module>\r\n    from pytube import YouTube\r\nModuleNotFoundError: No module named 'pytube'\r\n","timestamp":"2025-05-21T05:19:50.155Z"}
{"level":"error","message":"Attempt 3/3 - pytube download failed for lang en: Command failed: python download_subtitle.py \"https://www.youtube.com/watch?v=MS7iOiHolAw\" \"en\"\nTraceback (most recent call last):\r\n  File \"F:\\downloadvideo\\download_subtitle.py\", line 3, in <module>\r\n    from pytube import YouTube\r\nModuleNotFoundError: No module named 'pytube'\r\n","timestamp":"2025-05-21T05:19:52.219Z"}
{"level":"error","message":"Attempt 1/3 - yt-dlp Python download failed for lang en: yt-dlp Python error: \n\nERROR: Did not get any data blocks\nERROR: Unable to download video subtitles for 'en': ERROR: Did not get any data blocks\n","timestamp":"2025-05-21T05:19:56.700Z"}
{"level":"error","message":"Attempt 2/3 - yt-dlp Python download failed for lang en: Không tìm thấy file phụ đề từ yt-dlp Python cho ngôn ngữ en.","timestamp":"2025-05-21T05:20:02.649Z"}
{"level":"error","message":"Attempt 3/3 - yt-dlp Python download failed for lang en: yt-dlp Python error: \n\nERROR: Did not get any data blocks\nERROR: Unable to download video subtitles for 'en': ERROR: Did not get any data blocks\n","timestamp":"2025-05-21T05:20:08.825Z"}
{"level":"error","message":"Subtitle Download Error: Không thể tải phụ đề từ bất kỳ phương pháp nào. Vui lòng kiểm tra video hoặc thử ngôn ngữ khác.","timestamp":"2025-05-21T05:20:08.825Z"}
{"level":"error","message":"Subtitle Download Error: Không thể tạo file phụ đề SRT. Nội dung sau khi chuyển đổi rỗng.","timestamp":"2025-05-21T05:23:17.059Z"}
{"level":"error","message":"Error in downloadSubtitlesWithYtdl: Phụ đề tải về rỗng","timestamp":"2025-05-21T05:25:14.085Z"}
{"level":"error","message":"Failed to download subtitles: Lỗi khi tải phụ đề: Phụ đề tải về rỗng","timestamp":"2025-05-21T05:25:14.086Z"}
{"level":"error","message":"Error in downloadSubtitlesWithYtdl: Phụ đề tải về rỗng","timestamp":"2025-05-21T05:25:54.442Z"}
{"level":"error","message":"Failed to download subtitles: Lỗi khi tải phụ đề: Phụ đề tải về rỗng","timestamp":"2025-05-21T05:25:54.442Z"}
{"level":"error","message":"Error in downloadSubtitlesWithYtdl: Không tìm thấy phụ đề cho ngôn ngữ en","timestamp":"2025-05-21T05:27:38.684Z"}
{"level":"error","message":"Failed to download subtitles: Lỗi khi tải phụ đề: Không tìm thấy phụ đề cho ngôn ngữ en","timestamp":"2025-05-21T05:27:38.685Z"}
{"level":"error","message":"Error in downloadSubtitlesWithYtdl: Không tìm thấy phụ đề cho ngôn ngữ en","timestamp":"2025-05-21T05:28:05.923Z"}
{"level":"error","message":"Failed to download subtitles: Lỗi khi tải phụ đề: Không tìm thấy phụ đề cho ngôn ngữ en","timestamp":"2025-05-21T05:28:05.924Z"}
{"level":"error","message":"Error converting subtitle format: Không thể chuyển đổi phụ đề sang định dạng SRT","timestamp":"2025-05-21T05:39:29.311Z"}
{"level":"error","message":"Error in downloadSubtitlesWithYtdl: Không tìm thấy phụ đề cho ngôn ngữ ab","timestamp":"2025-05-21T05:39:41.464Z"}
{"level":"error","message":"Failed to download subtitles: Lỗi khi tải phụ đề: Không tìm thấy phụ đề cho ngôn ngữ ab","timestamp":"2025-05-21T05:39:41.465Z"}
{"level":"error","message":"Error in downloadSubtitlesWithYtdl: Không tìm thấy phụ đề cho ngôn ngữ ab","timestamp":"2025-05-21T05:39:50.519Z"}
{"level":"error","message":"Failed to download subtitles: Lỗi khi tải phụ đề: Không tìm thấy phụ đề cho ngôn ngữ ab","timestamp":"2025-05-21T05:39:50.519Z"}
{"level":"error","message":"Error in downloadSubtitlesWithYtdl: Phụ đề tải về rỗng","timestamp":"2025-05-21T05:42:46.634Z"}
{"level":"error","message":"Failed to download subtitles: Lỗi khi tải phụ đề: Phụ đề tải về rỗng","timestamp":"2025-05-21T05:42:46.634Z"}
{"level":"error","message":"Error in downloadSubtitlesWithYtdl: Phụ đề tải về rỗng","timestamp":"2025-05-21T05:42:57.454Z"}
{"level":"error","message":"Failed to download subtitles: Lỗi khi tải phụ đề: Phụ đề tải về rỗng","timestamp":"2025-05-21T05:42:57.454Z"}
{"level":"error","message":"Invalid VTT content generated. Subtitle count: 0","timestamp":"2025-05-21T05:44:49.925Z"}
{"level":"error","message":"Error converting subtitle format: Không thể chuyển đổi phụ đề sang định dạng SRT","timestamp":"2025-05-21T05:44:51.350Z"}
{"level":"error","message":"Invalid VTT content generated. Subtitle count: 0","timestamp":"2025-05-21T05:45:04.454Z"}
{"level":"error","message":"Error in downloadSubtitlesWithYtdl: Không thể tải phụ đề từ cả hai phương pháp","timestamp":"2025-05-21T05:45:05.317Z"}
{"level":"error","message":"Failed to download subtitles: Lỗi khi tải phụ đề: Không thể tải phụ đề từ cả hai phương pháp","timestamp":"2025-05-21T05:45:05.317Z"}
{"level":"error","message":"Invalid VTT content generated. Subtitle count: 0","timestamp":"2025-05-21T05:45:14.950Z"}
{"level":"error","message":"Error in downloadSubtitlesWithYtdl: Không thể tải phụ đề từ cả hai phương pháp","timestamp":"2025-05-21T05:45:15.848Z"}
{"level":"error","message":"Failed to download subtitles: Lỗi khi tải phụ đề: Không thể tải phụ đề từ cả hai phương pháp","timestamp":"2025-05-21T05:45:15.849Z"}
{"level":"error","message":"Error in downloadSubtitlesWithYtdl: Không thể tải phụ đề từ cả hai phương pháp","timestamp":"2025-05-21T05:50:45.429Z"}
{"level":"error","message":"Failed to download subtitles: Lỗi khi tải phụ đề: Không thể tải phụ đề từ cả hai phương pháp","timestamp":"2025-05-21T05:50:45.430Z"}
{"level":"error","message":"Error in downloadSubtitlesWithYtdl: Không thể tải phụ đề từ cả hai phương pháp","timestamp":"2025-05-21T05:52:04.565Z"}
{"level":"error","message":"Failed to download subtitles: Lỗi khi tải phụ đề: Không thể tải phụ đề từ cả hai phương pháp","timestamp":"2025-05-21T05:52:04.566Z"}
{"level":"error","message":"Error in downloadSubtitlesWithYtdl: Không thể tải phụ đề từ cả hai phương pháp","timestamp":"2025-05-21T06:03:47.676Z"}
{"level":"error","message":"Failed to download subtitles: Lỗi khi tải phụ đề: Không thể tải phụ đề từ cả hai phương pháp","timestamp":"2025-05-21T06:03:47.677Z"}
{"level":"error","message":"Error in downloadSubtitlesWithYtdl: Không thể tải phụ đề từ cả hai phương pháp","timestamp":"2025-05-21T06:04:12.591Z"}
{"level":"error","message":"Failed to download subtitles: Lỗi khi tải phụ đề: Không thể tải phụ đề từ cả hai phương pháp","timestamp":"2025-05-21T06:04:12.592Z"}
{"level":"error","message":"Error in downloadSubtitlesWithYtdl: Không thể tải phụ đề từ cả hai phương pháp","timestamp":"2025-05-21T06:05:02.893Z"}
{"level":"error","message":"Failed to download subtitles: Lỗi khi tải phụ đề: Không thể tải phụ đề từ cả hai phương pháp","timestamp":"2025-05-21T06:05:02.893Z"}
{"level":"error","message":"Error in downloadSubtitlesWithYtdl: Không thể tải phụ đề từ cả hai phương pháp","timestamp":"2025-05-21T06:05:29.158Z"}
{"level":"error","message":"Failed to download subtitles: Lỗi khi tải phụ đề: Không thể tải phụ đề từ cả hai phương pháp","timestamp":"2025-05-21T06:05:29.159Z"}
{"level":"error","message":"Error in downloadSubtitlesWithYtdl: Không thể tải phụ đề từ cả hai phương pháp","timestamp":"2025-05-21T06:06:24.497Z"}
{"level":"error","message":"Failed to download subtitles: Lỗi khi tải phụ đề: Không thể tải phụ đề từ cả hai phương pháp","timestamp":"2025-05-21T06:06:24.497Z"}
{"level":"error","message":"Error in downloadSubtitlesWithYtdl: Không thể tải phụ đề từ cả hai phương pháp","timestamp":"2025-05-21T06:07:26.877Z"}
{"level":"error","message":"Failed to download subtitles: Lỗi khi tải phụ đề: Không thể tải phụ đề từ cả hai phương pháp","timestamp":"2025-05-21T06:07:26.878Z"}
{"level":"error","message":"Error in downloadSubtitlesWithYtdl: Không thể tải phụ đề từ cả hai phương pháp","timestamp":"2025-05-21T06:10:55.685Z"}
{"level":"error","message":"Failed to download subtitles: Lỗi khi tải phụ đề: Không thể tải phụ đề từ cả hai phương pháp","timestamp":"2025-05-21T06:10:55.685Z"}
{"level":"error","message":"Error in downloadSubtitlesWithYtdl: Không thể tải phụ đề từ cả hai phương pháp","timestamp":"2025-05-21T06:12:43.884Z"}
{"level":"error","message":"Failed to download subtitles: Lỗi khi tải phụ đề: Không thể tải phụ đề từ cả hai phương pháp","timestamp":"2025-05-21T06:12:43.885Z"}
{"level":"error","message":"Error in downloadSubtitlesWithYtdl: Không thể tải phụ đề từ cả hai phương pháp","timestamp":"2025-05-21T06:24:20.966Z"}
{"level":"error","message":"Failed to download subtitles: Lỗi khi tải phụ đề: Không thể tải phụ đề từ cả hai phương pháp","timestamp":"2025-05-21T06:24:20.967Z"}
{"level":"error","message":"Error in downloadSubtitlesWithYtdl: Không thể tải phụ đề từ cả hai phương pháp","timestamp":"2025-05-21T06:24:34.643Z"}
{"level":"error","message":"Failed to download subtitles: Lỗi khi tải phụ đề: Không thể tải phụ đề từ cả hai phương pháp","timestamp":"2025-05-21T06:24:34.643Z"}
{"level":"error","message":"Error in downloadSubtitlesWithYtdl: Không thể tải phụ đề cho ngôn ngữ yi. Vui lòng thử ngôn ngữ khác.","timestamp":"2025-05-21T06:45:00.378Z"}
{"level":"error","message":"Failed to download subtitles: Lỗi khi tải phụ đề: Không thể tải phụ đề cho ngôn ngữ yi. Vui lòng thử ngôn ngữ khác.","timestamp":"2025-05-21T06:45:00.378Z"}
{"level":"error","message":"Error in downloadSubtitlesWithYtdl: Không thể tải phụ đề cho ngôn ngữ aa. Vui lòng thử ngôn ngữ khác.","timestamp":"2025-05-21T06:51:49.120Z"}
{"level":"error","message":"Failed to download subtitles: Lỗi khi tải phụ đề: Không thể tải phụ đề cho ngôn ngữ aa. Vui lòng thử ngôn ngữ khác.","timestamp":"2025-05-21T06:51:49.121Z"}
{"level":"error","message":"No valid subtitles after conversion to SRT","timestamp":"2025-05-21T06:53:44.262Z"}
{"level":"error","message":"Error converting subtitle format: Không thể chuyển đổi phụ đề sang định dạng SRT","timestamp":"2025-05-21T06:53:44.262Z"}
{"level":"error","message":"Error in downloadSubtitlesWithYtdl: Không thể tải phụ đề cho ngôn ngữ ab. Vui lòng thử ngôn ngữ khác.","timestamp":"2025-05-21T06:55:31.062Z"}
{"level":"error","message":"Failed to download subtitles: Lỗi khi tải phụ đề: Không thể tải phụ đề cho ngôn ngữ ab. Vui lòng thử ngôn ngữ khác.","timestamp":"2025-05-21T06:55:31.063Z"}
{"level":"error","message":"Error in downloadSubtitlesWithYtdl: Không thể tải phụ đề cho ngôn ngữ aa. Vui lòng thử ngôn ngữ khác.","timestamp":"2025-05-21T06:56:51.575Z"}
{"level":"error","message":"Failed to download subtitles: Lỗi khi tải phụ đề: Không thể tải phụ đề cho ngôn ngữ aa. Vui lòng thử ngôn ngữ khác.","timestamp":"2025-05-21T06:56:51.576Z"}
{"level":"error","message":"Error in downloadSubtitlesWithYtdl: Không thể tải phụ đề cho ngôn ngữ am. Vui lòng thử ngôn ngữ khác.","timestamp":"2025-05-21T06:58:58.333Z"}
{"level":"error","message":"Failed to download subtitles: Lỗi khi tải phụ đề: Không thể tải phụ đề cho ngôn ngữ am. Vui lòng thử ngôn ngữ khác.","timestamp":"2025-05-21T06:58:58.334Z"}
{"level":"error","message":"Error in downloadSubtitlesWithYtdl: Không thể tải phụ đề cho ngôn ngữ sq. Vui lòng thử ngôn ngữ khác.","timestamp":"2025-05-21T07:01:19.787Z"}
{"level":"error","message":"Failed to download subtitles: Lỗi khi tải phụ đề: Không thể tải phụ đề cho ngôn ngữ sq. Vui lòng thử ngôn ngữ khác.","timestamp":"2025-05-21T07:01:19.787Z"}
{"level":"error","message":"Error in downloadSubtitlesWithYtdl: Không thể tải phụ đề cho ngôn ngữ be. Vui lòng thử ngôn ngữ khác.","timestamp":"2025-05-21T07:01:38.301Z"}
{"level":"error","message":"Failed to download subtitles: Lỗi khi tải phụ đề: Không thể tải phụ đề cho ngôn ngữ be. Vui lòng thử ngôn ngữ khác.","timestamp":"2025-05-21T07:01:38.301Z"}
